This file contains any messages produced by compilers while
running configure, to aid debugging if configure makes a mistake.

It was created by configure, which was
generated by GNU Autoconf 2.53.  Invocation command line was

  $ ./configure 

## --------- ##
## Platform. ##
## --------- ##

hostname = oujiayu-PC
uname -m = x86_64
uname -r = 3.19.0-25-generic
uname -s = Linux
uname -v = #26~14.04.1-Ubuntu SMP Fri Jul 24 21:16:20 UTC 2015

/usr/bin/uname -p = unknown
/bin/uname -X     = unknown

/bin/arch              = unknown
/usr/bin/arch -k       = unknown
/usr/convex/getsysinfo = unknown
hostinfo               = unknown
/bin/machine           = unknown
/usr/bin/oslevel       = unknown
/bin/universe          = unknown

PATH: /home/oujiayu/下载/jdk1.8.0_101/bin
PATH: /home/oujiayu/eclipse
PATH: /usr/local/cuda-8.0/bin
PATH: /opt/ros/indigo/bin
PATH: /usr/local/cuda-8.0/bin
PATH: /usr/local/sbin
PATH: /usr/local/bin
PATH: /usr/sbin
PATH: /usr/bin
PATH: /sbin
PATH: /bin
PATH: /usr/games
PATH: /usr/local/games
PATH: /opt/OpenWrt-Toolchain-ramips-mt7688_gcc-4.8-linaro_uClibc-0.9.33.2.Linux-x86_64/toolchain-mipsel_24kec+dsp_gcc-4.8-linaro_uClibc-0.9.33.2/bin


## ----------- ##
## Core tests. ##
## ----------- ##

configure:1260: checking for a BSD-compatible install
configure:1314: result: /usr/bin/install -c
configure:1325: checking whether build environment is sane
configure:1368: result: yes
configure:1401: checking for gawk
configure:1430: result: no
configure:1401: checking for mawk
configure:1417: found /usr/bin/mawk
configure:1427: result: mawk
configure:1437: checking whether make sets ${MAKE}
configure:1457: result: yes
configure:1615: checking build system type
configure:1633: result: x86_64-unknown-linux-gnu
configure:1641: checking host system type
configure:1655: result: x86_64-unknown-linux-gnu
configure:1686: checking for style of include used by make
configure:1714: result: GNU
configure:1785: checking for gcc
configure:1801: found /usr/bin/gcc
configure:1811: result: gcc
configure:2055: checking for C compiler version
configure:2058: gcc --version </dev/null >&5
gcc (Ubuntu 4.8.4-2ubuntu1~14.04.3) 4.8.4
Copyright (C) 2013 Free Software Foundation, Inc.
This is free software; see the source for copying conditions.  There is NO
warranty; not even for MERCHANTABILITY or FITNESS FOR A PARTICULAR PURPOSE.

configure:2061: $? = 0
configure:2063: gcc -v </dev/null >&5
Using built-in specs.
COLLECT_GCC=gcc
COLLECT_LTO_WRAPPER=/usr/lib/gcc/x86_64-linux-gnu/4.8/lto-wrapper
Target: x86_64-linux-gnu
Configured with: ../src/configure -v --with-pkgversion='Ubuntu 4.8.4-2ubuntu1~14.04.3' --with-bugurl=file:///usr/share/doc/gcc-4.8/README.Bugs --enable-languages=c,c++,java,go,d,fortran,objc,obj-c++ --prefix=/usr --program-suffix=-4.8 --enable-shared --enable-linker-build-id --libexecdir=/usr/lib --without-included-gettext --enable-threads=posix --with-gxx-include-dir=/usr/include/c++/4.8 --libdir=/usr/lib --enable-nls --with-sysroot=/ --enable-clocale=gnu --enable-libstdcxx-debug --enable-libstdcxx-time=yes --enable-gnu-unique-object --disable-libmudflap --enable-plugin --with-system-zlib --disable-browser-plugin --enable-java-awt=gtk --enable-gtk-cairo --with-java-home=/usr/lib/jvm/java-1.5.0-gcj-4.8-amd64/jre --enable-java-home --with-jvm-root-dir=/usr/lib/jvm/java-1.5.0-gcj-4.8-amd64 --with-jvm-jar-dir=/usr/lib/jvm-exports/java-1.5.0-gcj-4.8-amd64 --with-arch-directory=amd64 --with-ecj-jar=/usr/share/java/eclipse-ecj.jar --enable-objc-gc --enable-multiarch --disable-werror --with-arch-32=i686 --with-abi=m64 --with-multilib-list=m32,m64,mx32 --with-tune=generic --enable-checking=release --build=x86_64-linux-gnu --host=x86_64-linux-gnu --target=x86_64-linux-gnu
Thread model: posix
gcc version 4.8.4 (Ubuntu 4.8.4-2ubuntu1~14.04.3) 
configure:2066: $? = 0
configure:2068: gcc -V </dev/null >&5
gcc: error: unrecognized command line option '-V'
gcc: fatal error: no input files
compilation terminated.
configure:2071: $? = 4
configure:2097: checking for C compiler default output
configure:2100: gcc    conftest.c  >&5
configure:2103: $? = 0
configure:2136: result: a.out
configure:2141: checking whether the C compiler works
configure:2147: ./a.out
configure:2150: $? = 0
configure:2165: result: yes
configure:2172: checking whether we are cross compiling
configure:2174: result: no
configure:2177: checking for suffix of executables
configure:2179: gcc -o conftest    conftest.c  >&5
configure:2182: $? = 0
configure:2204: result: 
configure:2210: checking for suffix of object files
configure:2234: gcc -c   conftest.c >&5
configure:2237: $? = 0
configure:2256: result: o
configure:2260: checking whether we are using the GNU C compiler
configure:2287: gcc -c   conftest.c >&5
configure:2290: $? = 0
configure:2293: test -s conftest.o
configure:2296: $? = 0
configure:2308: result: yes
configure:2314: checking whether gcc accepts -g
configure:2338: gcc -c -g  conftest.c >&5
configure:2341: $? = 0
configure:2344: test -s conftest.o
configure:2347: $? = 0
configure:2357: result: yes
configure:2384: gcc -c -g -O2  conftest.c >&5
conftest.c:2:3: error: unknown type name 'choke'
   choke me
   ^
conftest.c:2:3: error: expected '=', ',', ';', 'asm' or '__attribute__' at end of input
configure:2387: $? = 1
configure: failed program was:
#ifndef __cplusplus
  choke me
#endif
configure:2499: checking dependency style of gcc
configure:2561: result: gcc3
configure:2568: checking for strerror in -lcposix
configure:2601: gcc -o conftest -g -O2   conftest.c -lcposix   >&5
/usr/bin/ld: cannot find -lcposix
collect2: error: ld returned 1 exit status
configure:2604: $? = 1
configure: failed program was:
#line 2575 "configure"
#include "confdefs.h"

/* Override any gcc2 internal prototype to avoid an error.  */
#ifdef __cplusplus
extern "C"
#endif
/* We use char because int might match the return type of a gcc2
   builtin and then its argument prototype would still apply.  */
char strerror ();
#ifdef F77_DUMMY_MAIN
#  ifdef __cplusplus
     extern "C"
#  endif
   int F77_DUMMY_MAIN() { return 1; }
#endif
int
main ()
{
strerror ();
  ;
  return 0;
}
configure:2621: result: no
configure:2675: checking for gcc
configure:2701: result: gcc
configure:2945: checking for C compiler version
configure:2948: gcc --version </dev/null >&5
gcc (Ubuntu 4.8.4-2ubuntu1~14.04.3) 4.8.4
Copyright (C) 2013 Free Software Foundation, Inc.
This is free software; see the source for copying conditions.  There is NO
warranty; not even for MERCHANTABILITY or FITNESS FOR A PARTICULAR PURPOSE.

configure:2951: $? = 0
configure:2953: gcc -v </dev/null >&5
Using built-in specs.
COLLECT_GCC=gcc
COLLECT_LTO_WRAPPER=/usr/lib/gcc/x86_64-linux-gnu/4.8/lto-wrapper
Target: x86_64-linux-gnu
Configured with: ../src/configure -v --with-pkgversion='Ubuntu 4.8.4-2ubuntu1~14.04.3' --with-bugurl=file:///usr/share/doc/gcc-4.8/README.Bugs --enable-languages=c,c++,java,go,d,fortran,objc,obj-c++ --prefix=/usr --program-suffix=-4.8 --enable-shared --enable-linker-build-id --libexecdir=/usr/lib --without-included-gettext --enable-threads=posix --with-gxx-include-dir=/usr/include/c++/4.8 --libdir=/usr/lib --enable-nls --with-sysroot=/ --enable-clocale=gnu --enable-libstdcxx-debug --enable-libstdcxx-time=yes --enable-gnu-unique-object --disable-libmudflap --enable-plugin --with-system-zlib --disable-browser-plugin --enable-java-awt=gtk --enable-gtk-cairo --with-java-home=/usr/lib/jvm/java-1.5.0-gcj-4.8-amd64/jre --enable-java-home --with-jvm-root-dir=/usr/lib/jvm/java-1.5.0-gcj-4.8-amd64 --with-jvm-jar-dir=/usr/lib/jvm-exports/java-1.5.0-gcj-4.8-amd64 --with-arch-directory=amd64 --with-ecj-jar=/usr/share/java/eclipse-ecj.jar --enable-objc-gc --enable-multiarch --disable-werror --with-arch-32=i686 --with-abi=m64 --with-multilib-list=m32,m64,mx32 --with-tune=generic --enable-checking=release --build=x86_64-linux-gnu --host=x86_64-linux-gnu --target=x86_64-linux-gnu
Thread model: posix
gcc version 4.8.4 (Ubuntu 4.8.4-2ubuntu1~14.04.3) 
configure:2956: $? = 0
configure:2958: gcc -V </dev/null >&5
gcc: error: unrecognized command line option '-V'
gcc: fatal error: no input files
compilation terminated.
configure:2961: $? = 4
configure:2964: checking whether we are using the GNU C compiler
configure:3012: result: yes
configure:3018: checking whether gcc accepts -g
configure:3061: result: yes
configure:3088: gcc -c -g -O2  conftest.c >&5
conftest.c:2:3: error: unknown type name 'choke'
   choke me
   ^
conftest.c:2:3: error: expected '=', ',', ';', 'asm' or '__attribute__' at end of input
configure:3091: $? = 1
configure: failed program was:
#ifndef __cplusplus
  choke me
#endif
configure:3203: checking dependency style of gcc
configure:3265: result: gcc3
configure:3270: checking for gcc option to accept ANSI C
configure:3333: gcc  -c -g -O2  conftest.c >&5
configure:3336: $? = 0
configure:3339: test -s conftest.o
configure:3342: $? = 0
configure:3359: result: none needed
configure:3367: checking for an ANSI C-conforming const
configure:3437: gcc -c -g -O2  conftest.c >&5
configure:3440: $? = 0
configure:3443: test -s conftest.o
configure:3446: $? = 0
configure:3456: result: yes
configure:3466: checking for inline
configure:3483: gcc -c -g -O2  conftest.c >&5
configure:3486: $? = 0
configure:3489: test -s conftest.o
configure:3492: $? = 0
configure:3503: result: inline
configure:3570: checking for g++
configure:3586: found /usr/bin/g++
configure:3596: result: g++
configure:3612: checking for C++ compiler version
configure:3615: g++ --version </dev/null >&5
g++ (Ubuntu 4.8.4-2ubuntu1~14.04.3) 4.8.4
Copyright (C) 2013 Free Software Foundation, Inc.
This is free software; see the source for copying conditions.  There is NO
warranty; not even for MERCHANTABILITY or FITNESS FOR A PARTICULAR PURPOSE.

configure:3618: $? = 0
configure:3620: g++ -v </dev/null >&5
Using built-in specs.
COLLECT_GCC=g++
COLLECT_LTO_WRAPPER=/usr/lib/gcc/x86_64-linux-gnu/4.8/lto-wrapper
Target: x86_64-linux-gnu
Configured with: ../src/configure -v --with-pkgversion='Ubuntu 4.8.4-2ubuntu1~14.04.3' --with-bugurl=file:///usr/share/doc/gcc-4.8/README.Bugs --enable-languages=c,c++,java,go,d,fortran,objc,obj-c++ --prefix=/usr --program-suffix=-4.8 --enable-shared --enable-linker-build-id --libexecdir=/usr/lib --without-included-gettext --enable-threads=posix --with-gxx-include-dir=/usr/include/c++/4.8 --libdir=/usr/lib --enable-nls --with-sysroot=/ --enable-clocale=gnu --enable-libstdcxx-debug --enable-libstdcxx-time=yes --enable-gnu-unique-object --disable-libmudflap --enable-plugin --with-system-zlib --disable-browser-plugin --enable-java-awt=gtk --enable-gtk-cairo --with-java-home=/usr/lib/jvm/java-1.5.0-gcj-4.8-amd64/jre --enable-java-home --with-jvm-root-dir=/usr/lib/jvm/java-1.5.0-gcj-4.8-amd64 --with-jvm-jar-dir=/usr/lib/jvm-exports/java-1.5.0-gcj-4.8-amd64 --with-arch-directory=amd64 --with-ecj-jar=/usr/share/java/eclipse-ecj.jar --enable-objc-gc --enable-multiarch --disable-werror --with-arch-32=i686 --with-abi=m64 --with-multilib-list=m32,m64,mx32 --with-tune=generic --enable-checking=release --build=x86_64-linux-gnu --host=x86_64-linux-gnu --target=x86_64-linux-gnu
Thread model: posix
gcc version 4.8.4 (Ubuntu 4.8.4-2ubuntu1~14.04.3) 
configure:3623: $? = 0
configure:3625: g++ -V </dev/null >&5
g++: error: unrecognized command line option '-V'
g++: fatal error: no input files
compilation terminated.
configure:3628: $? = 4
configure:3631: checking whether we are using the GNU C++ compiler
configure:3658: g++ -c   conftest.cc >&5
configure:3661: $? = 0
configure:3664: test -s conftest.o
configure:3667: $? = 0
configure:3679: result: yes
configure:3685: checking whether g++ accepts -g
configure:3709: g++ -c -g  conftest.cc >&5
configure:3712: $? = 0
configure:3715: test -s conftest.o
configure:3718: $? = 0
configure:3728: result: yes
configure:3774: g++ -c -g -O2  conftest.cc >&5
configure:3777: $? = 0
configure:3780: test -s conftest.o
configure:3783: $? = 0
configure:3811: g++ -c -g -O2  conftest.cc >&5
configure: In function 'int main()':
configure:3803:9: error: 'exit' was not declared in this scope
 main ()
         ^
configure:3814: $? = 1
configure: failed program was:
#line 3792 "configure"
#include "confdefs.h"

#ifdef F77_DUMMY_MAIN
#  ifdef __cplusplus
     extern "C"
#  endif
   int F77_DUMMY_MAIN() { return 1; }
#endif
int
main ()
{
exit (42);
  ;
  return 0;
}
configure:3774: g++ -c -g -O2  conftest.cc >&5
configure:3777: $? = 0
configure:3780: test -s conftest.o
configure:3783: $? = 0
configure:3811: g++ -c -g -O2  conftest.cc >&5
configure:3814: $? = 0
configure:3817: test -s conftest.o
configure:3820: $? = 0
configure:3844: checking dependency style of g++
configure:3906: result: gcc3
configure:3915: checking for flex
configure:3944: result: no
configure:3915: checking for lex
configure:3944: result: no
configure:3954: checking for yywrap in -lfl
configure:3987: gcc -o conftest -g -O2   conftest.c -lfl   >&5
/usr/bin/ld: cannot find -lfl
collect2: error: ld returned 1 exit status
configure:3990: $? = 1
configure: failed program was:
#line 3961 "configure"
#include "confdefs.h"

/* Override any gcc2 internal prototype to avoid an error.  */
#ifdef __cplusplus
extern "C"
#endif
/* We use char because int might match the return type of a gcc2
   builtin and then its argument prototype would still apply.  */
char yywrap ();
#ifdef F77_DUMMY_MAIN
#  ifdef __cplusplus
     extern "C"
#  endif
   int F77_DUMMY_MAIN() { return 1; }
#endif
int
main ()
{
yywrap ();
  ;
  return 0;
}
configure:4007: result: no
configure:4012: checking for yywrap in -ll
configure:4045: gcc -o conftest -g -O2   conftest.c -ll   >&5
/usr/bin/ld: cannot find -ll
collect2: error: ld returned 1 exit status
configure:4048: $? = 1
configure: failed program was:
#line 4019 "configure"
#include "confdefs.h"

/* Override any gcc2 internal prototype to avoid an error.  */
#ifdef __cplusplus
extern "C"
#endif
/* We use char because int might match the return type of a gcc2
   builtin and then its argument prototype would still apply.  */
char yywrap ();
#ifdef F77_DUMMY_MAIN
#  ifdef __cplusplus
     extern "C"
#  endif
   int F77_DUMMY_MAIN() { return 1; }
#endif
int
main ()
{
yywrap ();
  ;
  return 0;
}
configure:4065: result: no
configure:4158: checking whether ln -s works
configure:4162: result: yes
configure:4182: checking how to run the C++ preprocessor
configure:4204: g++ -E  conftest.cc
configure:4210: $? = 0
configure:4237: g++ -E  conftest.cc
configure:4233:28: fatal error: ac_nonexistent.h: No such file or directory
 #line $LINENO "configure"
                            ^
compilation terminated.
configure:4243: $? = 1
configure: failed program was:
#line 4232 "configure"
#include "confdefs.h"
#include <ac_nonexistent.h>
configure:4280: result: g++ -E
configure:4295: g++ -E  conftest.cc
configure:4301: $? = 0
configure:4328: g++ -E  conftest.cc
configure:4324:28: fatal error: ac_nonexistent.h: No such file or directory
 #line $LINENO "configure"
                            ^
compilation terminated.
configure:4334: $? = 1
configure: failed program was:
#line 4323 "configure"
#include "confdefs.h"
#include <ac_nonexistent.h>
configure:4374: checking for ANSI C header files
configure:4388: g++ -E  conftest.cc
configure:4394: $? = 0
configure:4481: g++ -o conftest -g -O2   conftest.cc  >&5
configure:4484: $? = 0
configure:4486: ./conftest
configure:4489: $? = 0
configure:4503: result: yes
configure:4527: checking for sys/types.h
configure:4540: g++ -c -g -O2  conftest.cc >&5
configure:4543: $? = 0
configure:4546: test -s conftest.o
configure:4549: $? = 0
configure:4559: result: yes
configure:4527: checking for sys/stat.h
configure:4540: g++ -c -g -O2  conftest.cc >&5
configure:4543: $? = 0
configure:4546: test -s conftest.o
configure:4549: $? = 0
configure:4559: result: yes
configure:4527: checking for stdlib.h
configure:4540: g++ -c -g -O2  conftest.cc >&5
configure:4543: $? = 0
configure:4546: test -s conftest.o
configure:4549: $? = 0
configure:4559: result: yes
configure:4527: checking for string.h
configure:4540: g++ -c -g -O2  conftest.cc >&5
configure:4543: $? = 0
configure:4546: test -s conftest.o
configure:4549: $? = 0
configure:4559: result: yes
configure:4527: checking for memory.h
configure:4540: g++ -c -g -O2  conftest.cc >&5
configure:4543: $? = 0
configure:4546: test -s conftest.o
configure:4549: $? = 0
configure:4559: result: yes
configure:4527: checking for strings.h
configure:4540: g++ -c -g -O2  conftest.cc >&5
configure:4543: $? = 0
configure:4546: test -s conftest.o
configure:4549: $? = 0
configure:4559: result: yes
configure:4527: checking for inttypes.h
configure:4540: g++ -c -g -O2  conftest.cc >&5
configure:4543: $? = 0
configure:4546: test -s conftest.o
configure:4549: $? = 0
configure:4559: result: yes
configure:4527: checking for stdint.h
configure:4540: g++ -c -g -O2  conftest.cc >&5
configure:4543: $? = 0
configure:4546: test -s conftest.o
configure:4549: $? = 0
configure:4559: result: yes
configure:4527: checking for unistd.h
configure:4540: g++ -c -g -O2  conftest.cc >&5
configure:4543: $? = 0
configure:4546: test -s conftest.o
configure:4549: $? = 0
configure:4559: result: yes
configure:4587: checking getopt.h usability
configure:4596: g++ -c -g -O2  conftest.cc >&5
configure:4599: $? = 0
configure:4602: test -s conftest.o
configure:4605: $? = 0
configure:4614: result: yes
configure:4618: checking getopt.h presence
configure:4625: g++ -E  conftest.cc
configure:4631: $? = 0
configure:4649: result: yes
configure:4667: checking for getopt.h
configure:4674: result: yes
configure:4578: checking for string.h
configure:4583: result: yes
configure:4578: checking for strings.h
configure:4583: result: yes
configure:4694: checking for getopt_long
configure:4737: g++ -o conftest -g -O2   conftest.cc  >&5
configure:4740: $? = 0
configure:4743: test -s conftest
configure:4746: $? = 0
configure:4756: result: yes
configure:4694: checking for strdup
configure:4737: g++ -o conftest -g -O2   conftest.cc  >&5
configure:4740: $? = 0
configure:4743: test -s conftest
configure:4746: $? = 0
configure:4756: result: yes
configure:4694: checking for strstr
configure:4737: g++ -o conftest -g -O2   conftest.cc  >&5
configure:4740: $? = 0
configure:4743: test -s conftest
configure:4746: $? = 0
configure:4756: result: yes
configure:4796: checking for msgfmt
configure:4824: result: /usr/bin/msgfmt
configure:4833: checking for gmsgfmt
configure:4864: result: /usr/bin/msgfmt
configure:4874: checking for xgettext
configure:4902: result: /usr/bin/xgettext
configure:4913: checking for msgmerge
configure:4940: result: /usr/bin/msgmerge
configure:5016: checking for ranlib
configure:5032: found /usr/bin/ranlib
configure:5043: result: ranlib
configure:5055: checking for off_t
configure:5082: g++ -c   conftest.cc >&5
configure:5085: $? = 0
configure:5088: test -s conftest.o
configure:5091: $? = 0
configure:5101: result: yes
configure:5113: checking for size_t
configure:5140: g++ -c   conftest.cc >&5
configure:5143: $? = 0
configure:5146: test -s conftest.o
configure:5149: $? = 0
configure:5159: result: yes
configure:5173: checking for working alloca.h
configure:5197: g++ -o conftest    conftest.cc  >&5
configure:5200: $? = 0
configure:5203: test -s conftest
configure:5206: $? = 0
configure:5216: result: yes
configure:5226: checking for alloca
configure:5270: g++ -o conftest    conftest.cc  >&5
configure:5233:0: warning: "alloca" redefined [enabled by default]
 #include "confdefs.h"
 ^
In file included from /usr/include/stdlib.h:492:0,
                 from confdefs.h:10,
                 from configure:5231:
/usr/include/alloca.h:35:0: note: this is the location of the previous definition
 # define alloca(size) __builtin_alloca (size)
 ^
configure:5273: $? = 0
configure:5276: test -s conftest
configure:5279: $? = 0
configure:5289: result: yes
configure:5485: checking for stdlib.h
configure:5490: result: yes
configure:5485: checking for unistd.h
configure:5490: result: yes
configure:5598: checking for getpagesize
configure:5641: g++ -o conftest    conftest.cc  >&5
configure:5644: $? = 0
configure:5647: test -s conftest
configure:5650: $? = 0
configure:5660: result: yes
configure:5670: checking for working mmap
configure:5809: g++ -o conftest    conftest.cc  >&5
configure: In function 'int main()':
configure:5814:31: error: cast from 'char*' to 'int' loses precision [-fpermissive]
   { (eval echo "$as_me:$LINENO: \"$ac_try\"") >&5
                               ^
configure:5812: $? = 1
configure: program exited with status 1
configure: failed program was:
#line 5678 "configure"
#include "confdefs.h"
#include <stdio.h>
#if HAVE_SYS_TYPES_H
# include <sys/types.h>
#endif
#if HAVE_SYS_STAT_H
# include <sys/stat.h>
#endif
#if STDC_HEADERS
# include <stdlib.h>
# include <stddef.h>
#else
# if HAVE_STDLIB_H
#  include <stdlib.h>
# endif
#endif
#if HAVE_STRING_H
# if !STDC_HEADERS && HAVE_MEMORY_H
#  include <memory.h>
# endif
# include <string.h>
#endif
#if HAVE_STRINGS_H
# include <strings.h>
#endif
#if HAVE_INTTYPES_H
# include <inttypes.h>
#else
# if HAVE_STDINT_H
#  include <stdint.h>
# endif
#endif
#if HAVE_UNISTD_H
# include <unistd.h>
#endif
/* malloc might have been renamed as rpl_malloc. */
#undef malloc

/* Thanks to Mike Haertel and Jim Avera for this test.
   Here is a matrix of mmap possibilities:
	mmap private not fixed
	mmap private fixed at somewhere currently unmapped
	mmap private fixed at somewhere already mapped
	mmap shared not fixed
	mmap shared fixed at somewhere currently unmapped
	mmap shared fixed at somewhere already mapped
   For private mappings, we should verify that changes cannot be read()
   back from the file, nor mmap's back from the file at a different
   address.  (There have been systems where private was not correctly
   implemented like the infamous i386 svr4.0, and systems where the
   VM page cache was not coherent with the file system buffer cache
   like early versions of FreeBSD and possibly contemporary NetBSD.)
   For shared mappings, we should conversely verify that changes get
   propagated back to all the places they're supposed to be.

   Grep wants private fixed already mapped.
   The main things grep needs to know about mmap are:
   * does it exist and is it safe to write into the mmap'd area
   * how to use it (BSD variants)  */

#include <fcntl.h>
#include <sys/mman.h>

#if !STDC_HEADERS && !HAVE_STDLIB_H
char *malloc ();
#endif

/* This mess was copied from the GNU getpagesize.h.  */
#if !HAVE_GETPAGESIZE
/* Assume that all systems that can run configure have sys/param.h.  */
# if !HAVE_SYS_PARAM_H
#  define HAVE_SYS_PARAM_H 1
# endif

# ifdef _SC_PAGESIZE
#  define getpagesize() sysconf(_SC_PAGESIZE)
# else /* no _SC_PAGESIZE */
#  if HAVE_SYS_PARAM_H
#   include <sys/param.h>
#   ifdef EXEC_PAGESIZE
#    define getpagesize() EXEC_PAGESIZE
#   else /* no EXEC_PAGESIZE */
#    ifdef NBPG
#     define getpagesize() NBPG * CLSIZE
#     ifndef CLSIZE
#      define CLSIZE 1
#     endif /* no CLSIZE */
#    else /* no NBPG */
#     ifdef NBPC
#      define getpagesize() NBPC
#     else /* no NBPC */
#      ifdef PAGESIZE
#       define getpagesize() PAGESIZE
#      endif /* PAGESIZE */
#     endif /* no NBPC */
#    endif /* no NBPG */
#   endif /* no EXEC_PAGESIZE */
#  else /* no HAVE_SYS_PARAM_H */
#   define getpagesize() 8192	/* punt totally */
#  endif /* no HAVE_SYS_PARAM_H */
# endif /* no _SC_PAGESIZE */

#endif /* no HAVE_GETPAGESIZE */

int
main ()
{
  char *data, *data2, *data3;
  int i, pagesize;
  int fd;

  pagesize = getpagesize ();

  /* First, make a file with some known garbage in it. */
  data = (char *) malloc (pagesize);
  if (!data)
    exit (1);
  for (i = 0; i < pagesize; ++i)
    *(data + i) = rand ();
  umask (0);
  fd = creat ("conftest.mmap", 0600);
  if (fd < 0)
    exit (1);
  if (write (fd, data, pagesize) != pagesize)
    exit (1);
  close (fd);

  /* Next, try to mmap the file at a fixed address which already has
     something else allocated at it.  If we can, also make sure that
     we see the same garbage.  */
  fd = open ("conftest.mmap", O_RDWR);
  if (fd < 0)
    exit (1);
  data2 = (char *) malloc (2 * pagesize);
  if (!data2)
    exit (1);
  data2 += (pagesize - ((int) data2 & (pagesize - 1))) & (pagesize - 1);
  if (data2 != mmap (data2, pagesize, PROT_READ | PROT_WRITE,
                     MAP_PRIVATE | MAP_FIXED, fd, 0L))
    exit (1);
  for (i = 0; i < pagesize; ++i)
    if (*(data + i) != *(data2 + i))
      exit (1);

  /* Finally, make sure that changes to the mapped area do not
     percolate back to the file as seen by read().  (This is a bug on
     some variants of i386 svr4.0.)  */
  for (i = 0; i < pagesize; ++i)
    *(data2 + i) = *(data2 + i) + 1;
  data3 = (char *) malloc (pagesize);
  if (!data3)
    exit (1);
  if (read (fd, data3, pagesize) != pagesize)
    exit (1);
  for (i = 0; i < pagesize; ++i)
    if (*(data + i) != *(data3 + i))
      exit (1);
  close (fd);
  exit (0);
}
configure:5830: result: no
configure:5842: checking whether we are using the GNU C Library 2.1 or newer
configure:5870: result: yes
configure:5878: checking whether integer division by zero raises SIGFPE
configure:5937: g++ -o conftest    conftest.cc  >&5
configure:5940: $? = 0
configure:5942: ./conftest
configure:5945: $? = 0
configure:5959: result: yes
configure:5972: checking for inttypes.h
configure:5997: g++ -c   conftest.cc >&5
configure:6000: $? = 0
configure:6003: test -s conftest.o
configure:6006: $? = 0
configure:6016: result: yes
configure:6027: checking for stdint.h
configure:6052: g++ -c   conftest.cc >&5
configure:6055: $? = 0
configure:6058: test -s conftest.o
configure:6061: $? = 0
configure:6071: result: yes
configure:6082: checking for unsigned long long
configure:6107: g++ -o conftest    conftest.cc  >&5
configure:6110: $? = 0
configure:6113: test -s conftest
configure:6116: $? = 0
configure:6126: result: yes
configure:6152: checking for inttypes.h
configure:6178: g++ -c   conftest.cc >&5
configure:6181: $? = 0
configure:6184: test -s conftest.o
configure:6187: $? = 0
configure:6198: result: yes
configure:6211: checking whether the inttypes.h PRIxNN macros are broken
configure:6240: g++ -c   conftest.cc >&5
configure:6243: $? = 0
configure:6246: test -s conftest.o
configure:6249: $? = 0
configure:6260: result: no
configure:6298: checking for ld used by GCC
configure:6361: result: /usr/bin/ld
configure:6370: checking if the linker (/usr/bin/ld) is GNU ld
GNU ld (GNU Binutils for Ubuntu) 2.24
configure:6382: result: yes
configure:6388: checking for shared library run path origin
configure:6401: result: done
configure:6829: checking argz.h usability
configure:6838: g++ -c   conftest.cc >&5
configure:6841: $? = 0
configure:6844: test -s conftest.o
configure:6847: $? = 0
configure:6856: result: yes
configure:6860: checking argz.h presence
configure:6867: g++ -E  conftest.cc
configure:6873: $? = 0
configure:6891: result: yes
configure:6909: checking for argz.h
configure:6916: result: yes
configure:6829: checking limits.h usability
configure:6838: g++ -c   conftest.cc >&5
configure:6841: $? = 0
configure:6844: test -s conftest.o
configure:6847: $? = 0
configure:6856: result: yes
configure:6860: checking limits.h presence
configure:6867: g++ -E  conftest.cc
configure:6873: $? = 0
configure:6891: result: yes
configure:6909: checking for limits.h
configure:6916: result: yes
configure:6829: checking locale.h usability
configure:6838: g++ -c   conftest.cc >&5
configure:6841: $? = 0
configure:6844: test -s conftest.o
configure:6847: $? = 0
configure:6856: result: yes
configure:6860: checking locale.h presence
configure:6867: g++ -E  conftest.cc
configure:6873: $? = 0
configure:6891: result: yes
configure:6909: checking for locale.h
configure:6916: result: yes
configure:6829: checking nl_types.h usability
configure:6838: g++ -c   conftest.cc >&5
configure:6841: $? = 0
configure:6844: test -s conftest.o
configure:6847: $? = 0
configure:6856: result: yes
configure:6860: checking nl_types.h presence
configure:6867: g++ -E  conftest.cc
configure:6873: $? = 0
configure:6891: result: yes
configure:6909: checking for nl_types.h
configure:6916: result: yes
configure:6829: checking malloc.h usability
configure:6838: g++ -c   conftest.cc >&5
configure:6841: $? = 0
configure:6844: test -s conftest.o
configure:6847: $? = 0
configure:6856: result: yes
configure:6860: checking malloc.h presence
configure:6867: g++ -E  conftest.cc
configure:6873: $? = 0
configure:6891: result: yes
configure:6909: checking for malloc.h
configure:6916: result: yes
configure:6829: checking stddef.h usability
configure:6838: g++ -c   conftest.cc >&5
configure:6841: $? = 0
configure:6844: test -s conftest.o
configure:6847: $? = 0
configure:6856: result: yes
configure:6860: checking stddef.h presence
configure:6867: g++ -E  conftest.cc
configure:6873: $? = 0
configure:6891: result: yes
configure:6909: checking for stddef.h
configure:6916: result: yes
configure:6820: checking for stdlib.h
configure:6825: result: yes
configure:6820: checking for string.h
configure:6825: result: yes
configure:6820: checking for unistd.h
configure:6825: result: yes
configure:6829: checking sys/param.h usability
configure:6838: g++ -c   conftest.cc >&5
configure:6841: $? = 0
configure:6844: test -s conftest.o
configure:6847: $? = 0
configure:6856: result: yes
configure:6860: checking sys/param.h presence
configure:6867: g++ -E  conftest.cc
configure:6873: $? = 0
configure:6891: result: yes
configure:6909: checking for sys/param.h
configure:6916: result: yes
configure:6955: checking for feof_unlocked
configure:6998: g++ -o conftest    conftest.cc  >&5
configure:7001: $? = 0
configure:7004: test -s conftest
configure:7007: $? = 0
configure:7017: result: yes
configure:6955: checking for fgets_unlocked
configure:6998: g++ -o conftest    conftest.cc  >&5
configure:7001: $? = 0
configure:7004: test -s conftest
configure:7007: $? = 0
configure:7017: result: yes
configure:6955: checking for getc_unlocked
configure:6998: g++ -o conftest    conftest.cc  >&5
configure:7001: $? = 0
configure:7004: test -s conftest
configure:7007: $? = 0
configure:7017: result: yes
configure:6955: checking for getcwd
configure:6998: g++ -o conftest    conftest.cc  >&5
configure:7001: $? = 0
configure:7004: test -s conftest
configure:7007: $? = 0
configure:7017: result: yes
configure:6955: checking for getegid
configure:6998: g++ -o conftest    conftest.cc  >&5
configure:7001: $? = 0
configure:7004: test -s conftest
configure:7007: $? = 0
configure:7017: result: yes
configure:6955: checking for geteuid
configure:6998: g++ -o conftest    conftest.cc  >&5
configure:7001: $? = 0
configure:7004: test -s conftest
configure:7007: $? = 0
configure:7017: result: yes
configure:6955: checking for getgid
configure:6998: g++ -o conftest    conftest.cc  >&5
configure:7001: $? = 0
configure:7004: test -s conftest
configure:7007: $? = 0
configure:7017: result: yes
configure:6955: checking for getuid
configure:6998: g++ -o conftest    conftest.cc  >&5
configure:7001: $? = 0
configure:7004: test -s conftest
configure:7007: $? = 0
configure:7017: result: yes
configure:6955: checking for mempcpy
configure:6998: g++ -o conftest    conftest.cc  >&5
configure:7001: $? = 0
configure:7004: test -s conftest
configure:7007: $? = 0
configure:7017: result: yes
configure:6955: checking for munmap
configure:6998: g++ -o conftest    conftest.cc  >&5
configure:7001: $? = 0
configure:7004: test -s conftest
configure:7007: $? = 0
configure:7017: result: yes
configure:6955: checking for putenv
configure:6998: g++ -o conftest    conftest.cc  >&5
configure:6970:14: error: declaration of C function 'char putenv()' conflicts with
 /* We use char because int might match the return type of a gcc2
              ^
In file included from confdefs.h:10:0,
                 from configure:6960:
/usr/include/stdlib.h:578:12: error: previous declaration 'int putenv(char*)' here
 extern int putenv (char *__string) __THROW __nonnull ((1));
            ^
configure:7001: $? = 1
configure: failed program was:
#line 6960 "configure"
#include "confdefs.h"
/* System header to define __stub macros and hopefully few prototypes,
    which can conflict with char putenv (); below.  */
#include <assert.h>
/* Override any gcc2 internal prototype to avoid an error.  */
#ifdef __cplusplus
extern "C"
#endif
/* We use char because int might match the return type of a gcc2
   builtin and then its argument prototype would still apply.  */
char putenv ();
char (*f) ();

#ifdef F77_DUMMY_MAIN
#  ifdef __cplusplus
     extern "C"
#  endif
   int F77_DUMMY_MAIN() { return 1; }
#endif
int
main ()
{
/* The GNU C library defines this for functions which it implements
    to always fail with ENOSYS.  Some functions are actually named
    something starting with __ and the normal name is an alias.  */
#if defined (__stub_putenv) || defined (__stub___putenv)
choke me
#else
f = putenv;
#endif

  ;
  return 0;
}
configure:7017: result: no
configure:6955: checking for setenv
configure:6998: g++ -o conftest    conftest.cc  >&5
configure:6970:14: error: declaration of C function 'char setenv()' conflicts with
 /* We use char because int might match the return type of a gcc2
              ^
In file included from confdefs.h:10:0,
                 from configure:6960:
/usr/include/stdlib.h:584:12: error: previous declaration 'int setenv(const char*, const char*, int)' here
 extern int setenv (const char *__name, const char *__value, int __replace)
            ^
configure:7001: $? = 1
configure: failed program was:
#line 6960 "configure"
#include "confdefs.h"
/* System header to define __stub macros and hopefully few prototypes,
    which can conflict with char setenv (); below.  */
#include <assert.h>
/* Override any gcc2 internal prototype to avoid an error.  */
#ifdef __cplusplus
extern "C"
#endif
/* We use char because int might match the return type of a gcc2
   builtin and then its argument prototype would still apply.  */
char setenv ();
char (*f) ();

#ifdef F77_DUMMY_MAIN
#  ifdef __cplusplus
     extern "C"
#  endif
   int F77_DUMMY_MAIN() { return 1; }
#endif
int
main ()
{
/* The GNU C library defines this for functions which it implements
    to always fail with ENOSYS.  Some functions are actually named
    something starting with __ and the normal name is an alias.  */
#if defined (__stub_setenv) || defined (__stub___setenv)
choke me
#else
f = setenv;
#endif

  ;
  return 0;
}
configure:7017: result: no
configure:6955: checking for setlocale
configure:6998: g++ -o conftest    conftest.cc  >&5
configure:7001: $? = 0
configure:7004: test -s conftest
configure:7007: $? = 0
configure:7017: result: yes
configure:6955: checking for stpcpy
configure:6998: g++ -o conftest    conftest.cc  >&5
configure:7001: $? = 0
configure:7004: test -s conftest
configure:7007: $? = 0
configure:7017: result: yes
configure:6955: checking for strcasecmp
configure:6998: g++ -o conftest    conftest.cc  >&5
configure:7001: $? = 0
configure:7004: test -s conftest
configure:7007: $? = 0
configure:7017: result: yes
configure:6955: checking for strdup
configure:7017: result: yes
configure:6955: checking for strtoul
configure:6998: g++ -o conftest    conftest.cc  >&5
configure:6970:15: error: declaration of C function 'char strtoul()' conflicts with
 /* We use char because int might match the return type of a gcc2
               ^
In file included from confdefs.h:10:0,
                 from configure:6960:
/usr/include/stdlib.h:187:26: error: previous declaration 'long unsigned int strtoul(const char*, char**, int)' here
 extern unsigned long int strtoul (const char *__restrict __nptr,
                          ^
configure:7001: $? = 1
configure: failed program was:
#line 6960 "configure"
#include "confdefs.h"
/* System header to define __stub macros and hopefully few prototypes,
    which can conflict with char strtoul (); below.  */
#include <assert.h>
/* Override any gcc2 internal prototype to avoid an error.  */
#ifdef __cplusplus
extern "C"
#endif
/* We use char because int might match the return type of a gcc2
   builtin and then its argument prototype would still apply.  */
char strtoul ();
char (*f) ();

#ifdef F77_DUMMY_MAIN
#  ifdef __cplusplus
     extern "C"
#  endif
   int F77_DUMMY_MAIN() { return 1; }
#endif
int
main ()
{
/* The GNU C library defines this for functions which it implements
    to always fail with ENOSYS.  Some functions are actually named
    something starting with __ and the normal name is an alias.  */
#if defined (__stub_strtoul) || defined (__stub___strtoul)
choke me
#else
f = strtoul;
#endif

  ;
  return 0;
}
configure:7017: result: no
configure:6955: checking for tsearch
configure:6998: g++ -o conftest    conftest.cc  >&5
configure:7001: $? = 0
configure:7004: test -s conftest
configure:7007: $? = 0
configure:7017: result: yes
configure:6955: checking for __argz_count
configure:6998: g++ -o conftest    conftest.cc  >&5
configure:7001: $? = 0
configure:7004: test -s conftest
configure:7007: $? = 0
configure:7017: result: yes
configure:6955: checking for __argz_stringify
configure:6998: g++ -o conftest    conftest.cc  >&5
configure:7001: $? = 0
configure:7004: test -s conftest
configure:7007: $? = 0
configure:7017: result: yes
configure:6955: checking for __argz_next
configure:6998: g++ -o conftest    conftest.cc  >&5
configure:7001: $? = 0
configure:7004: test -s conftest
configure:7007: $? = 0
configure:7017: result: yes
configure:7058: checking for iconv
configure:7088: g++ -o conftest    conftest.cc  >&5
configure:7091: $? = 0
configure:7094: test -s conftest
configure:7097: $? = 0
configure:7152: result: yes
configure:7175: checking for iconv declaration
configure:7212: g++ -c   conftest.cc >&5
configure:7215: $? = 0
configure:7218: test -s conftest.o
configure:7221: $? = 0
configure:7235: result: 
         extern size_t iconv (iconv_t cd, char * *inbuf, size_t *inbytesleft, char * *outbuf, size_t *outbytesleft);
configure:7246: checking for nl_langinfo and CODESET
configure:7270: g++ -o conftest    conftest.cc  >&5
configure:7273: $? = 0
configure:7276: test -s conftest
configure:7279: $? = 0
configure:7290: result: yes
configure:7302: checking for LC_MESSAGES
configure:7326: g++ -o conftest    conftest.cc  >&5
configure:7329: $? = 0
configure:7332: test -s conftest
configure:7335: $? = 0
configure:7345: result: yes
configure:7361: checking for bison
configure:7390: result: no
configure:7430: checking whether NLS is requested
configure:7439: result: yes
configure:7454: checking whether included gettext is requested
configure:7464: result: no
configure:7475: checking for GNU gettext in libc
configure:7502: g++ -o conftest    conftest.cc  >&5
configure: In function 'int main()':
configure:7494:25: error: cast from 'char*' to 'int' loses precision [-fpermissive]
 {
                         ^
configure:7505: $? = 1
configure: failed program was:
#line 7480 "configure"
#include "confdefs.h"
#include <libintl.h>
extern int _nl_msg_cat_cntr;
extern int *_nl_domain_bindings;
#ifdef F77_DUMMY_MAIN
#  ifdef __cplusplus
     extern "C"
#  endif
   int F77_DUMMY_MAIN() { return 1; }
#endif
int
main ()
{
bindtextdomain ("", "");
return (int) gettext ("") + _nl_msg_cat_cntr + *_nl_domain_bindings
  ;
  return 0;
}
configure:7521: result: no
configure:7904: checking for GNU gettext in libintl
configure:7939: g++ -o conftest     conftest.cc  -lintl >&5
configure: In function 'int main()':
configure:7931:25: error: cast from 'char*' to 'int' loses precision [-fpermissive]
 {
                         ^
configure:7931:68: error: too many arguments to function 'const char* _nl_expand_alias()'
 {
                                                                    ^
configure:7920:13: note: declared here
 "C"
             ^
configure:7942: $? = 1
configure: failed program was:
#line 7913 "configure"
#include "confdefs.h"
#include <libintl.h>
extern int _nl_msg_cat_cntr;
extern
#ifdef __cplusplus
"C"
#endif
const char *_nl_expand_alias ();
#ifdef F77_DUMMY_MAIN
#  ifdef __cplusplus
     extern "C"
#  endif
   int F77_DUMMY_MAIN() { return 1; }
#endif
int
main ()
{
bindtextdomain ("", "");
return (int) gettext ("") + _nl_msg_cat_cntr + *_nl_expand_alias (0)
  ;
  return 0;
}
configure:8009: result: no
configure:8226: creating ./config.status

## ---------------------- ##
## Running config.status. ##
## ---------------------- ##

This file was extended by config.status, which was
generated by GNU Autoconf 2.53.  Invocation command line was

  CONFIG_FILES    = 
  CONFIG_HEADERS  = 
  CONFIG_LINKS    = 
  CONFIG_COMMANDS = 
  $ ./config.status 

on oujiayu-PC

config.status:653: creating Makefile
config.status:653: creating src/Makefile
config.status:653: creating doc/Makefile
config.status:653: creating doc/manual/Makefile
config.status:653: creating intl/Makefile
config.status:653: creating po/Makefile.in
config.status:757: creating src/config.h
config.status:1079: executing depfiles commands
config.status:1079: executing default-1 commands

## ---------------- ##
## Cache variables. ##
## ---------------- ##

ac_cv_build=x86_64-unknown-linux-gnu
ac_cv_build_alias=x86_64-unknown-linux-gnu
ac_cv_c_compiler_gnu=yes
ac_cv_c_const=yes
ac_cv_c_inline=inline
ac_cv_cxx_compiler_gnu=yes
ac_cv_env_CC_set=
ac_cv_env_CC_value=
ac_cv_env_CFLAGS_set=
ac_cv_env_CFLAGS_value=
ac_cv_env_CPPFLAGS_set=
ac_cv_env_CPPFLAGS_value=
ac_cv_env_CXXCPP_set=
ac_cv_env_CXXCPP_value=
ac_cv_env_CXXFLAGS_set=
ac_cv_env_CXXFLAGS_value=
ac_cv_env_CXX_set=
ac_cv_env_CXX_value=
ac_cv_env_LDFLAGS_set=
ac_cv_env_LDFLAGS_value=
ac_cv_env_build_alias_set=
ac_cv_env_build_alias_value=
ac_cv_env_host_alias_set=
ac_cv_env_host_alias_value=
ac_cv_env_target_alias_set=
ac_cv_env_target_alias_value=
ac_cv_exeext=
ac_cv_func___argz_count=yes
ac_cv_func___argz_next=yes
ac_cv_func___argz_stringify=yes
ac_cv_func_alloca_works=yes
ac_cv_func_feof_unlocked=yes
ac_cv_func_fgets_unlocked=yes
ac_cv_func_getc_unlocked=yes
ac_cv_func_getcwd=yes
ac_cv_func_getegid=yes
ac_cv_func_geteuid=yes
ac_cv_func_getgid=yes
ac_cv_func_getopt_long=yes
ac_cv_func_getpagesize=yes
ac_cv_func_getuid=yes
ac_cv_func_mempcpy=yes
ac_cv_func_mmap_fixed_mapped=no
ac_cv_func_munmap=yes
ac_cv_func_putenv=no
ac_cv_func_setenv=no
ac_cv_func_setlocale=yes
ac_cv_func_stpcpy=yes
ac_cv_func_strcasecmp=yes
ac_cv_func_strdup=yes
ac_cv_func_strstr=yes
ac_cv_func_strtoul=no
ac_cv_func_tsearch=yes
ac_cv_gnu_library_2_1=yes
ac_cv_header_argz_h=yes
ac_cv_header_getopt_h=yes
ac_cv_header_inttypes_h=yes
ac_cv_header_limits_h=yes
ac_cv_header_locale_h=yes
ac_cv_header_malloc_h=yes
ac_cv_header_memory_h=yes
ac_cv_header_nl_types_h=yes
ac_cv_header_stdc=yes
ac_cv_header_stddef_h=yes
ac_cv_header_stdint_h=yes
ac_cv_header_stdlib_h=yes
ac_cv_header_string_h=yes
ac_cv_header_strings_h=yes
ac_cv_header_sys_param_h=yes
ac_cv_header_sys_stat_h=yes
ac_cv_header_sys_types_h=yes
ac_cv_header_unistd_h=yes
ac_cv_host=x86_64-unknown-linux-gnu
ac_cv_host_alias=x86_64-unknown-linux-gnu
ac_cv_lib_cposix_strerror=no
ac_cv_lib_fl_yywrap=no
ac_cv_lib_l_yywrap=no
ac_cv_objext=o
ac_cv_path_GMSGFMT=/usr/bin/msgfmt
ac_cv_path_MSGFMT=/usr/bin/msgfmt
ac_cv_path_MSGMERGE=/usr/bin/msgmerge
ac_cv_path_XGETTEXT=/usr/bin/xgettext
ac_cv_path_install='/usr/bin/install -c'
ac_cv_prog_AWK=mawk
ac_cv_prog_CXXCPP='g++ -E'
ac_cv_prog_ac_ct_CC=gcc
ac_cv_prog_ac_ct_CXX=g++
ac_cv_prog_ac_ct_RANLIB=ranlib
ac_cv_prog_cc_g=yes
ac_cv_prog_cc_stdc=
ac_cv_prog_cxx_g=yes
ac_cv_prog_make_make_set=yes
ac_cv_type_off_t=yes
ac_cv_type_size_t=yes
ac_cv_type_unsigned_long_long=yes
ac_cv_working_alloca_h=yes
acl_cv_path_LD=/usr/bin/ld
acl_cv_prog_gnu_ld=yes
acl_cv_rpath=done
am_cv_CC_dependencies_compiler_type=gcc3
am_cv_CXX_dependencies_compiler_type=gcc3
am_cv_func_iconv=yes
am_cv_langinfo_codeset=yes
am_cv_lib_iconv=no
am_cv_proto_iconv='extern size_t iconv (iconv_t cd, char * *inbuf, size_t *inbytesleft, char * *outbuf, size_t *outbytesleft);'
am_cv_proto_iconv_arg1=
am_cv_val_LC_MESSAGES=yes
gt_cv_func_gnugettext1_libc=no
gt_cv_func_gnugettext1_libintl=no
gt_cv_header_inttypes_h=yes
gt_cv_int_divbyzero_sigfpe=yes
gt_cv_inttypes_pri_broken=no
jm_ac_cv_header_inttypes_h=yes
jm_ac_cv_header_stdint_h=yes
nls_cv_force_use_gnu_gettext=no
nls_cv_header_intl=
nls_cv_header_libgt=
nls_cv_use_gnu_gettext=yes

## ----------- ##
## confdefs.h. ##
## ----------- ##

#define PACKAGE_NAME ""
#define PACKAGE_TARNAME ""
#define PACKAGE_VERSION ""
#define PACKAGE_STRING ""
#define PACKAGE_BUGREPORT ""
#define PACKAGE "doc++"
#define VERSION "3.4.10"
#ifdef __cplusplus
#include <stdlib.h>
#endif
#define STDC_HEADERS 1
#define HAVE_SYS_TYPES_H 1
#define HAVE_SYS_STAT_H 1
#define HAVE_STDLIB_H 1
#define HAVE_STRING_H 1
#define HAVE_MEMORY_H 1
#define HAVE_STRINGS_H 1
#define HAVE_INTTYPES_H 1
#define HAVE_STDINT_H 1
#define HAVE_UNISTD_H 1
#define HAVE_GETOPT_H 1
#define HAVE_STRING_H 1
#define HAVE_STRINGS_H 1
#define HAVE_GETOPT_LONG 1
#define HAVE_STRDUP 1
#define HAVE_STRSTR 1
#define HAVE_ALLOCA_H 1
#define HAVE_ALLOCA 1
#define HAVE_STDLIB_H 1
#define HAVE_UNISTD_H 1
#define HAVE_GETPAGESIZE 1
#define INTDIV0_RAISES_SIGFPE 1
#define HAVE_INTTYPES_H_WITH_UINTMAX 1
#define HAVE_STDINT_H_WITH_UINTMAX 1
#define HAVE_UNSIGNED_LONG_LONG 1
#define HAVE_INTTYPES_H 1
#define HAVE_ARGZ_H 1
#define HAVE_LIMITS_H 1
#define HAVE_LOCALE_H 1
#define HAVE_NL_TYPES_H 1
#define HAVE_MALLOC_H 1
#define HAVE_STDDEF_H 1
#define HAVE_STDLIB_H 1
#define HAVE_STRING_H 1
#define HAVE_UNISTD_H 1
#define HAVE_SYS_PARAM_H 1
#define HAVE_FEOF_UNLOCKED 1
#define HAVE_FGETS_UNLOCKED 1
#define HAVE_GETC_UNLOCKED 1
#define HAVE_GETCWD 1
#define HAVE_GETEGID 1
#define HAVE_GETEUID 1
#define HAVE_GETGID 1
#define HAVE_GETUID 1
#define HAVE_MEMPCPY 1
#define HAVE_MUNMAP 1
#define HAVE_SETLOCALE 1
#define HAVE_STPCPY 1
#define HAVE_STRCASECMP 1
#define HAVE_STRDUP 1
#define HAVE_TSEARCH 1
#define HAVE___ARGZ_COUNT 1
#define HAVE___ARGZ_STRINGIFY 1
#define HAVE___ARGZ_NEXT 1
#define HAVE_ICONV 1
#define ICONV_CONST 
#define HAVE_LANGINFO_CODESET 1
#define HAVE_LC_MESSAGES 1
#define ENABLE_NLS 1

configure: exit 0
